<?xml version="1.0" encoding="UTF-8"?>
<robot generator="Robot 7.0.1 (Python 3.12.5 on darwin)" generated="2024-08-15T22:06:15.944102" rpa="false" schemaversion="5">
<suite id="s1" name="Test1" source="/Users/harunbicakci/PycharmProjects/RobotFrameworkPyton/UITesting/resources/test1.robot">
<test id="s1-t1" name="my first robot test case" line="9">
<kw name="Log To Console" owner="BuiltIn">
<arg>harun</arg>
<doc>Logs the given message to the console.</doc>
<status status="PASS" start="2024-08-15T22:06:16.100830" elapsed="0.000101"/>
</kw>
<kw name="Open Browser" owner="SeleniumLibrary">
<msg time="2024-08-15T22:06:16.101158" level="INFO">Opening browser 'Chrome' to base url 'https:\www.google.com'.</msg>
<arg>https:\\www.google.com</arg>
<arg>Chrome</arg>
<doc>Opens a new browser instance to the optional ``url``.</doc>
<status status="PASS" start="2024-08-15T22:06:16.101057" elapsed="4.590938"/>
</kw>
<status status="PASS" start="2024-08-15T22:06:16.100417" elapsed="4.591972"/>
</test>
<doc>My first robot test</doc>
<status status="PASS" start="2024-08-15T22:06:15.945217" elapsed="4.747485"/>
</suite>
<statistics>
<total>
<stat pass="1" fail="0" skip="0">All Tests</stat>
</total>
<tag>
</tag>
<suite>
<stat pass="1" fail="0" skip="0" id="s1" name="Test1">Test1</stat>
</suite>
</statistics>
<errors>
</errors>
</robot>
