<?xml version="1.0" encoding="UTF-8"?>
<robot generator="Robot 7.0.1 (Python 3.12.5 on darwin)" generated="2024-08-25T22:07:44.777785" rpa="false" schemaversion="5">
<suite id="s1" name="Test2" source="/Users/harunbicakci/PycharmProjects/RobotFrameworkPython/UITesting/Tests/test2.robot">
<test id="s1-t1" name="Purchase Test" line="31">
<kw name="create session" owner="utils" type="SETUP">
<kw name="Open Browser" owner="SeleniumLibrary">
<msg time="2024-08-25T22:07:44.944414" level="INFO">Opening browser 'chrome' to base url 'https://practicesoftwaretesting.com/'.</msg>
<arg>${url}</arg>
<arg>${browser}</arg>
<doc>Opens a new browser instance to the optional ``url``.</doc>
<status status="PASS" start="2024-08-25T22:07:44.944270" elapsed="2.240942"/>
</kw>
<kw name="Maximize Browser Window" owner="SeleniumLibrary">
<doc>Maximizes current browser window.</doc>
<status status="PASS" start="2024-08-25T22:07:47.186027" elapsed="0.381184"/>
</kw>
<kw name="Wait Until Element Is Visible" owner="SeleniumLibrary">
<arg>${firstProductimage}</arg>
<doc>Waits until the element ``locator`` is visible.</doc>
<status status="PASS" start="2024-08-25T22:07:47.567377" elapsed="0.225246"/>
</kw>
<status status="PASS" start="2024-08-25T22:07:44.943850" elapsed="2.848878"/>
</kw>
<kw name="loginToApplication" owner="loginPageApp">
<kw name="Click Link" owner="SeleniumLibrary">
<msg time="2024-08-25T22:07:47.793333" level="INFO">Clicking link 'xpath=//a[@data-test='nav-sign-in']'.</msg>
<arg>${sign-in}</arg>
<doc>Clicks a link identified by ``locator``.</doc>
<status status="PASS" start="2024-08-25T22:07:47.793207" elapsed="0.040646"/>
</kw>
<kw name="Wait Until Element Is Visible" owner="SeleniumLibrary">
<arg>${loginPageHeader}</arg>
<doc>Waits until the element ``locator`` is visible.</doc>
<status status="PASS" start="2024-08-25T22:07:47.834063" elapsed="0.222127"/>
</kw>
<kw name="Input Text" owner="SeleniumLibrary">
<msg time="2024-08-25T22:07:48.056583" level="INFO">Typing text 'davidbackham9118@gmail.com' into text field 'id=email'.</msg>
<arg>${emailAddressField}</arg>
<arg>${emailAddress}</arg>
<doc>Types the given ``text`` into the text field identified by ``locator``.</doc>
<status status="PASS" start="2024-08-25T22:07:48.056381" elapsed="0.091821"/>
</kw>
<kw name="Input Text" owner="SeleniumLibrary">
<msg time="2024-08-25T22:07:48.148514" level="INFO">Typing text 'United@1234?' into text field 'xpath://input[@id='password']'.</msg>
<arg>${passwordField}</arg>
<arg>${password}</arg>
<doc>Types the given ``text`` into the text field identified by ``locator``.</doc>
<status status="PASS" start="2024-08-25T22:07:48.148340" elapsed="0.049601"/>
</kw>
<kw name="Click Button" owner="SeleniumLibrary">
<msg time="2024-08-25T22:07:48.198239" level="INFO">Clicking button 'xpath=/html/body/app-root/div/app-login/div/div/div/form/div[3]/input'.</msg>
<arg>${loginpageLoginButton}</arg>
<doc>Clicks the button identified by ``locator``.</doc>
<status status="PASS" start="2024-08-25T22:07:48.198074" elapsed="0.026093"/>
</kw>
<kw name="Wait Until Element Is Visible" owner="SeleniumLibrary">
<msg time="2024-08-25T22:07:53.508678" level="INFO" html="true">&lt;/td&gt;&lt;/tr&gt;&lt;tr&gt;&lt;td colspan="3"&gt;&lt;a href="selenium-screenshot-4.png"&gt;&lt;img src="selenium-screenshot-4.png" width="800px"&gt;&lt;/a&gt;</msg>
<msg time="2024-08-25T22:07:53.508932" level="FAIL">Element 'xpath=//h1[@data-test='page-title']' not visible after 5 seconds.</msg>
<arg>${myAccountTitle}</arg>
<doc>Waits until the element ``locator`` is visible.</doc>
<status status="FAIL" start="2024-08-25T22:07:48.224314" elapsed="5.287073">Element 'xpath=//h1[@data-test='page-title']' not visible after 5 seconds.</status>
</kw>
<kw name="Get Text" owner="SeleniumLibrary">
<var>${actualText}</var>
<arg>${myAccountTitle}</arg>
<doc>Returns the text value of the element identified by ``locator``.</doc>
<status status="NOT RUN" start="2024-08-25T22:07:53.511610" elapsed="0.000029"/>
</kw>
<kw name="Should Be Equal" owner="BuiltIn">
<arg>${actualText}</arg>
<arg>My account</arg>
<doc>Fails if the given objects are unequal.</doc>
<status status="NOT RUN" start="2024-08-25T22:07:53.511716" elapsed="0.000014"/>
</kw>
<kw name="Log To Console" owner="BuiltIn">
<arg>${actualText}</arg>
<doc>Logs the given message to the console.</doc>
<status status="NOT RUN" start="2024-08-25T22:07:53.511796" elapsed="0.000014"/>
</kw>
<status status="FAIL" start="2024-08-25T22:07:47.793000" elapsed="5.718890">Element 'xpath=//h1[@data-test='page-title']' not visible after 5 seconds.</status>
</kw>
<kw name="purchase 2 random items" owner="profilePageApp">
<status status="NOT RUN" start="2024-08-25T22:07:53.512103" elapsed="0.000017"/>
</kw>
<kw name="cart validation" owner="profilePageApp">
<status status="NOT RUN" start="2024-08-25T22:07:53.512198" elapsed="0.000012"/>
</kw>
<kw name="close session" owner="utils" type="TEARDOWN">
<kw name="Close Browser" owner="SeleniumLibrary">
<doc>Closes the current browser.</doc>
<status status="PASS" start="2024-08-25T22:07:53.512514" elapsed="0.075064"/>
</kw>
<status status="PASS" start="2024-08-25T22:07:53.512372" elapsed="0.075291"/>
</kw>
<tag>e2e</tag>
<status status="FAIL" start="2024-08-25T22:07:44.943499" elapsed="8.644233">Element 'xpath=//h1[@data-test='page-title']' not visible after 5 seconds.</status>
</test>
<status status="FAIL" start="2024-08-25T22:07:44.778957" elapsed="8.809118"/>
</suite>
<statistics>
<total>
<stat pass="0" fail="1" skip="0">All Tests</stat>
</total>
<tag>
<stat pass="0" fail="1" skip="0">e2e</stat>
</tag>
<suite>
<stat pass="0" fail="1" skip="0" id="s1" name="Test2">Test2</stat>
</suite>
</statistics>
<errors>
</errors>
</robot>
